2025-02-25 16:40:27 INFO  [restartedMain] c.b.e.EmployeePayrollAppApplication - Starting EmployeePayrollAppApplication using Java 23.0.1 with PID 13176 (C:\Users\M S I\Desktop\CG-Bridgelabz Training\CG - Bridgelabz - Spring Employee Payroll App\employeepayrollapp\target\classes started by M S I in C:\Users\M S I\Desktop\CG-Bridgelabz Training\CG - Bridgelabz - Spring Employee Payroll App\employeepayrollapp)
2025-02-25 16:40:27 DEBUG [restartedMain] c.b.e.EmployeePayrollAppApplication - Running with Spring Boot v3.4.3, Spring v6.2.3
2025-02-25 16:40:27 INFO  [restartedMain] c.b.e.EmployeePayrollAppApplication - No active profile set, falling back to 1 default profile: "default"
2025-02-25 16:40:27 INFO  [restartedMain] o.s.b.d.e.DevToolsPropertyDefaultsPostProcessor - Devtools property defaults active! Set 'spring.devtools.add-properties' to 'false' to disable
2025-02-25 16:40:27 INFO  [restartedMain] o.s.b.d.e.DevToolsPropertyDefaultsPostProcessor - For additional web related logging consider setting the 'logging.level.web' property to 'DEBUG'
2025-02-25 16:40:29 INFO  [restartedMain] o.s.d.r.c.RepositoryConfigurationDelegate - Bootstrapping Spring Data JPA repositories in DEFAULT mode.
2025-02-25 16:40:29 INFO  [restartedMain] o.s.d.r.c.RepositoryConfigurationDelegate - Finished Spring Data repository scanning in 54 ms. Found 1 JPA repository interface.
2025-02-25 16:40:29 INFO  [restartedMain] o.s.b.w.e.tomcat.TomcatWebServer - Tomcat initialized with port 8080 (http)
2025-02-25 16:40:29 INFO  [restartedMain] o.a.catalina.core.StandardService - Starting service [Tomcat]
2025-02-25 16:40:29 INFO  [restartedMain] o.a.catalina.core.StandardEngine - Starting Servlet engine: [Apache Tomcat/10.1.36]
2025-02-25 16:40:29 INFO  [restartedMain] o.a.c.c.C.[Tomcat].[localhost].[/] - Initializing Spring embedded WebApplicationContext
2025-02-25 16:40:29 INFO  [restartedMain] o.s.b.w.s.c.ServletWebServerApplicationContext - Root WebApplicationContext: initialization completed in 2034 ms
2025-02-25 16:40:30 INFO  [restartedMain] o.h.jpa.internal.util.LogHelper - HHH000204: Processing PersistenceUnitInfo [name: default]
2025-02-25 16:40:30 INFO  [restartedMain] org.hibernate.Version - HHH000412: Hibernate ORM core version 6.6.8.Final
2025-02-25 16:40:30 INFO  [restartedMain] o.h.c.i.RegionFactoryInitiator - HHH000026: Second-level cache disabled
2025-02-25 16:40:30 INFO  [restartedMain] o.s.o.j.p.SpringPersistenceUnitInfo - No LoadTimeWeaver setup: ignoring JPA class transformer
2025-02-25 16:40:30 INFO  [restartedMain] com.zaxxer.hikari.HikariDataSource - HikariPool-1 - Starting...
2025-02-25 16:40:31 INFO  [restartedMain] com.zaxxer.hikari.pool.HikariPool - HikariPool-1 - Added connection com.mysql.cj.jdbc.ConnectionImpl@1bf78cfe
2025-02-25 16:40:31 INFO  [restartedMain] com.zaxxer.hikari.HikariDataSource - HikariPool-1 - Start completed.
2025-02-25 16:40:31 WARN  [restartedMain] org.hibernate.orm.deprecation - HHH90000025: MySQL8Dialect does not need to be specified explicitly using 'hibernate.dialect' (remove the property setting and it will be selected by default)
2025-02-25 16:40:31 WARN  [restartedMain] org.hibernate.orm.deprecation - HHH90000026: MySQL8Dialect has been deprecated; use org.hibernate.dialect.MySQLDialect instead
2025-02-25 16:40:31 INFO  [restartedMain] o.hibernate.orm.connections.pooling - HHH10001005: Database info:
	Database JDBC URL [Connecting through datasource 'HikariDataSource (HikariPool-1)']
	Database driver: undefined/unknown
	Database version: 8.0
	Autocommit mode: undefined/unknown
	Isolation level: undefined/unknown
	Minimum pool size: undefined/unknown
	Maximum pool size: undefined/unknown
2025-02-25 16:40:32 INFO  [restartedMain] o.h.e.t.j.p.i.JtaPlatformInitiator - HHH000489: No JTA platform available (set 'hibernate.transaction.jta.platform' to enable JTA platform integration)
2025-02-25 16:40:32 INFO  [restartedMain] o.s.o.j.LocalContainerEntityManagerFactoryBean - Initialized JPA EntityManagerFactory for persistence unit 'default'
2025-02-25 16:40:32 WARN  [restartedMain] o.s.b.a.o.j.JpaBaseConfiguration$JpaWebConfiguration - spring.jpa.open-in-view is enabled by default. Therefore, database queries may be performed during view rendering. Explicitly configure spring.jpa.open-in-view to disable this warning
2025-02-25 16:40:33 WARN  [restartedMain] o.s.b.a.t.ThymeleafAutoConfiguration$DefaultTemplateResolverConfiguration - Cannot find template location: classpath:/templates/ (please add some templates, check your Thymeleaf configuration, or set spring.thymeleaf.check-template-location=false)
2025-02-25 16:40:33 INFO  [restartedMain] o.s.b.a.h.H2ConsoleAutoConfiguration - H2 console available at '/h2-console'. Database available at 'jdbc:mysql://localhost:3306/payroll_service'
2025-02-25 16:40:33 INFO  [restartedMain] o.s.b.d.a.OptionalLiveReloadServer - LiveReload server is running on port 35729
2025-02-25 16:40:33 INFO  [restartedMain] o.s.b.w.e.tomcat.TomcatWebServer - Tomcat started on port 8080 (http) with context path '/'
2025-02-25 16:40:33 INFO  [restartedMain] c.b.e.EmployeePayrollAppApplication - Started EmployeePayrollAppApplication in 6.086 seconds (process running for 6.766)
2025-02-25 16:41:10 INFO  [http-nio-8080-exec-2] o.a.c.c.C.[Tomcat].[localhost].[/] - Initializing Spring DispatcherServlet 'dispatcherServlet'
2025-02-25 16:41:10 INFO  [http-nio-8080-exec-2] o.s.web.servlet.DispatcherServlet - Initializing Servlet 'dispatcherServlet'
2025-02-25 16:41:10 INFO  [http-nio-8080-exec-2] o.s.web.servlet.DispatcherServlet - Completed initialization in 5 ms
2025-02-25 16:41:11 INFO  [http-nio-8080-exec-2] c.b.e.controller.EmployeeController - Adding new employee: EmployeeEntity(id=null, name=HarshVeer, department=AIML, salary=150.0)
2025-02-25 16:41:11 INFO  [http-nio-8080-exec-2] c.b.e.controller.EmployeeController - Employee added successfully with id: 18
2025-02-25 16:41:41 INFO  [http-nio-8080-exec-3] c.b.e.controller.EmployeeController - Deleting user with id: 18
2025-02-25 16:41:42 INFO  [http-nio-8080-exec-3] c.b.e.controller.EmployeeController - Employee with ID 18 deleted successfully.
2025-02-25 16:42:44 INFO  [SpringApplicationShutdownHook] o.s.b.w.e.tomcat.GracefulShutdown - Commencing graceful shutdown. Waiting for active requests to complete
2025-02-25 16:42:44 INFO  [tomcat-shutdown] o.s.b.w.e.tomcat.GracefulShutdown - Graceful shutdown complete
2025-02-25 16:42:44 INFO  [SpringApplicationShutdownHook] o.s.o.j.LocalContainerEntityManagerFactoryBean - Closing JPA EntityManagerFactory for persistence unit 'default'
2025-02-25 16:42:44 INFO  [SpringApplicationShutdownHook] com.zaxxer.hikari.HikariDataSource - HikariPool-1 - Shutdown initiated...
2025-02-25 16:42:44 INFO  [SpringApplicationShutdownHook] com.zaxxer.hikari.HikariDataSource - HikariPool-1 - Shutdown completed.
